0 info it worked if it ends with ok
1 verbose cli [ '/usr/local/bin/node', '/usr/local/bin/npm', 'run', 'copy' ]
2 info using npm@3.10.8
3 info using node@v6.9.1
4 verbose run-script [ 'precopy', 'copy', 'postcopy' ]
5 info lifecycle rapid-prototype@0.0.0~precopy: rapid-prototype@0.0.0
6 silly lifecycle rapid-prototype@0.0.0~precopy: no script for precopy, continuing
7 info lifecycle rapid-prototype@0.0.0~copy: rapid-prototype@0.0.0
8 verbose lifecycle rapid-prototype@0.0.0~copy: unsafe-perm in lifecycle true
9 verbose lifecycle rapid-prototype@0.0.0~copy: PATH: /usr/local/lib/node_modules/npm/bin/node-gyp-bin:/Users/Bee/Desktop/ALLY/rapid-prototype/node_modules/.bin:/usr/local/lib/node_modules/npm/bin/node-gyp-bin:/Users/Bee/Desktop/ALLY/rapid-prototype/node_modules/.bin:/usr/local/bin:/usr/bin:/bin:/usr/sbin:/sbin:/opt/X11/bin:/Library/TeX/texbin
10 verbose lifecycle rapid-prototype@0.0.0~copy: CWD: /Users/Bee/Desktop/ALLY/rapid-prototype
11 silly lifecycle rapid-prototype@0.0.0~copy: Args: [ '-c', 'cpy src/**/*.html src/**/*.css src/**/assets/*  dist' ]
12 silly lifecycle rapid-prototype@0.0.0~copy: Returned: code: 1  signal: null
13 info lifecycle rapid-prototype@0.0.0~copy: Failed to exec copy script
14 verbose stack Error: rapid-prototype@0.0.0 copy: `cpy src/**/*.html src/**/*.css src/**/assets/*  dist`
14 verbose stack Exit status 1
14 verbose stack     at EventEmitter.<anonymous> (/usr/local/lib/node_modules/npm/lib/utils/lifecycle.js:255:16)
14 verbose stack     at emitTwo (events.js:106:13)
14 verbose stack     at EventEmitter.emit (events.js:191:7)
14 verbose stack     at ChildProcess.<anonymous> (/usr/local/lib/node_modules/npm/lib/utils/spawn.js:40:14)
14 verbose stack     at emitTwo (events.js:106:13)
14 verbose stack     at ChildProcess.emit (events.js:191:7)
14 verbose stack     at maybeClose (internal/child_process.js:877:16)
14 verbose stack     at Process.ChildProcess._handle.onexit (internal/child_process.js:226:5)
15 verbose pkgid rapid-prototype@0.0.0
16 verbose cwd /Users/Bee/Desktop/ALLY/rapid-prototype
17 error Darwin 16.1.0
18 error argv "/usr/local/bin/node" "/usr/local/bin/npm" "run" "copy"
19 error node v6.9.1
20 error npm  v3.10.8
21 error code ELIFECYCLE
22 error rapid-prototype@0.0.0 copy: `cpy src/**/*.html src/**/*.css src/**/assets/*  dist`
22 error Exit status 1
23 error Failed at the rapid-prototype@0.0.0 copy script 'cpy src/**/*.html src/**/*.css src/**/assets/*  dist'.
23 error Make sure you have the latest version of node.js and npm installed.
23 error If you do, this is most likely a problem with the rapid-prototype package,
23 error not with npm itself.
23 error Tell the author that this fails on your system:
23 error     cpy src/**/*.html src/**/*.css src/**/assets/*  dist
23 error You can get information on how to open an issue for this project with:
23 error     npm bugs rapid-prototype
23 error Or if that isn't available, you can get their info via:
23 error     npm owner ls rapid-prototype
23 error There is likely additional logging output above.
24 verbose exit [ 1, true ]
